<?xml version="1.0" encoding="UTF-8"?>
<!-- Generated by org.testng.reporters.JUnitReportReporter -->
<testsuite hostname="Bansal" failures="0" tests="1" name="com.test.Admin_Page" time="16.091" errors="0" timestamp="2023-08-18T10:07:10 EDT" skipped="0">
  <testcase classname="com.test.Admin_Page" name="DeleteMultipleUsers" time="16.091"/>
</testsuite> <!-- com.test.Admin_Page -->
