<?xml version="1.0" encoding="UTF-8"?>
<!-- Generated by org.testng.reporters.JUnitReportReporter -->
<testsuite hostname="Bansal" failures="0" tests="1" name="com.test.SetUp" time="11.545" errors="0" timestamp="2023-08-16T12:19:49 EDT" skipped="0">
  <testcase classname="com.test.SetUp" name="Login" time="11.545"/>
</testsuite> <!-- com.test.SetUp -->
