<?xml version="1.0" encoding="UTF-8"?>
<!-- Generated by org.testng.reporters.JUnitReportReporter -->
<testsuite hostname="Bansal" failures="0" tests="1" name="com.test.UpdatePassword" time="3.272" errors="0" timestamp="2023-08-21T18:21:42 EDT" skipped="0">
  <testcase classname="com.test.UpdatePassword" name="ForgotPassword" time="3.272"/>
</testsuite> <!-- com.test.UpdatePassword -->
